2023-05-17 19:28:27,580 INFO o.a.j.u.JMeterUtils: Setting Locale to en_EN
2023-05-17 19:28:27,594 INFO o.a.j.JMeter: Loading user properties from: /opt/homebrew/Cellar/jmeter/5.5/libexec/bin/user.properties
2023-05-17 19:28:27,594 INFO o.a.j.JMeter: Loading system properties from: /opt/homebrew/Cellar/jmeter/5.5/libexec/bin/system.properties
2023-05-17 19:28:27,597 INFO o.a.j.JMeter: Copyright (c) 1998-2022 The Apache Software Foundation
2023-05-17 19:28:27,598 INFO o.a.j.JMeter: Version 5.5
2023-05-17 19:28:27,598 INFO o.a.j.JMeter: java.version=20.0.1
2023-05-17 19:28:27,598 INFO o.a.j.JMeter: java.vm.name=OpenJDK 64-Bit Server VM
2023-05-17 19:28:27,598 INFO o.a.j.JMeter: os.name=Mac OS X
2023-05-17 19:28:27,598 INFO o.a.j.JMeter: os.arch=aarch64
2023-05-17 19:28:27,598 INFO o.a.j.JMeter: os.version=13.3.1
2023-05-17 19:28:27,598 INFO o.a.j.JMeter: file.encoding=UTF-8
2023-05-17 19:28:27,598 INFO o.a.j.JMeter: java.awt.headless=null
2023-05-17 19:28:27,598 INFO o.a.j.JMeter: Max memory     =1073741824
2023-05-17 19:28:27,598 INFO o.a.j.JMeter: Available Processors =8
2023-05-17 19:28:27,604 INFO o.a.j.JMeter: Default Locale=English (EN)
2023-05-17 19:28:27,604 INFO o.a.j.JMeter: JMeter  Locale=English (EN)
2023-05-17 19:28:27,604 INFO o.a.j.JMeter: JMeterHome=/opt/homebrew/Cellar/jmeter/5.5/libexec
2023-05-17 19:28:27,604 INFO o.a.j.JMeter: user.dir  =/Users/yuri/utec/software/circuit-breaker
2023-05-17 19:28:27,604 INFO o.a.j.JMeter: PWD       =/Users/yuri/utec/software/circuit-breaker
2023-05-17 19:28:27,605 INFO o.a.j.JMeter: IP: 10.100.245.133 Name: Miguels-MacBook-Pro.local FullName: 10.100.245.133
2023-05-17 19:28:27,610 INFO o.a.j.JMeter: Loaded icon properties from org/apache/jmeter/images/icon.properties
2023-05-17 19:28:28,204 INFO o.a.j.JMeterGuiLauncher: Setting LAF to: com.github.weisj.darklaf.DarkLaf:com.github.weisj.darklaf.theme.DarculaTheme
2023-05-17 19:28:29,975 INFO o.j.r.JARSourceHTTP: Requesting https://jmeter-plugins.org/repo/?installID=mac_os_x-1d9a70c0f152027c198f2b422a0fba9e-gui
2023-05-17 19:28:31,823 INFO o.j.r.PluginManager: Plugins Status: [jpgc-plugins-manager=1.7, jmeter-core=5.5, jmeter-ftp=5.5, jmeter-http=5.5, jmeter-jdbc=5.5, jmeter-jms=5.5, jmeter-junit=5.5, jmeter-java=5.5, jmeter-ldap=5.5, jmeter-mail=5.5, jmeter-mongodb=5.5, jmeter-native=5.5, jmeter-tcp=5.5, jmeter-components=5.5]
2023-05-17 19:28:31,825 INFO o.j.r.PluginManagerMenuItem: Plugins Manager has upgrades: [jpgc-plugins-manager]
2023-05-17 19:29:00,171 INFO o.a.j.s.FileServer: Default base='/Users/yuri/utec/software/circuit-breaker'
2023-05-17 19:29:00,204 INFO o.a.j.g.a.Load: Loading file: /Users/yuri/utec/software/circuit-breaker/CircuitBreaker.jmx
2023-05-17 19:29:00,204 INFO o.a.j.s.FileServer: Set new base='/Users/yuri/utec/software/circuit-breaker'
2023-05-17 19:29:00,311 INFO o.a.j.s.SaveService: Testplan (JMX) version: 2.2. Testlog (JTL) version: 2.2
2023-05-17 19:29:00,316 INFO o.a.j.s.SaveService: Using SaveService properties version 5.0
2023-05-17 19:29:00,317 INFO o.a.j.s.SaveService: Using SaveService properties file encoding UTF-8
2023-05-17 19:29:00,318 INFO o.a.j.s.SaveService: Loading file: /Users/yuri/utec/software/circuit-breaker/CircuitBreaker.jmx
2023-05-17 19:29:00,377 INFO o.a.j.p.h.s.HTTPSamplerBase: Parser for text/html is org.apache.jmeter.protocol.http.parser.LagartoBasedHtmlParser
2023-05-17 19:29:00,377 INFO o.a.j.p.h.s.HTTPSamplerBase: Parser for application/xhtml+xml is org.apache.jmeter.protocol.http.parser.LagartoBasedHtmlParser
2023-05-17 19:29:00,377 INFO o.a.j.p.h.s.HTTPSamplerBase: Parser for application/xml is org.apache.jmeter.protocol.http.parser.LagartoBasedHtmlParser
2023-05-17 19:29:00,377 INFO o.a.j.p.h.s.HTTPSamplerBase: Parser for text/xml is org.apache.jmeter.protocol.http.parser.LagartoBasedHtmlParser
2023-05-17 19:29:00,377 INFO o.a.j.p.h.s.HTTPSamplerBase: Parser for text/vnd.wap.wml is org.apache.jmeter.protocol.http.parser.RegexpHTMLParser
2023-05-17 19:29:00,377 INFO o.a.j.p.h.s.HTTPSamplerBase: Parser for text/css is org.apache.jmeter.protocol.http.parser.CssParser
2023-05-17 19:29:00,455 INFO o.a.j.s.SampleResult: Note: Sample TimeStamps are START times
2023-05-17 19:29:00,455 INFO o.a.j.s.SampleResult: sampleresult.default.encoding is set to ISO-8859-1
2023-05-17 19:29:00,455 INFO o.a.j.s.SampleResult: sampleresult.useNanoTime=true
2023-05-17 19:29:00,455 INFO o.a.j.s.SampleResult: sampleresult.nanoThreadSleep=5000
2023-05-17 19:29:00,539 INFO o.a.j.v.ViewResultsFullVisualizer: Add JavaFX to your Java installation if you want to use renderer: org.apache.jmeter.visualizers.RenderInBrowser
2023-05-17 19:29:00,580 INFO o.a.j.s.FileServer: Set new base='/Users/yuri/utec/software/circuit-breaker'
2023-05-17 19:30:08,686 INFO o.a.j.e.StandardJMeterEngine: Running the test!
2023-05-17 19:30:08,686 INFO o.a.j.s.SampleEvent: List of sample_variables: []
2023-05-17 19:30:08,686 INFO o.a.j.s.SampleEvent: List of sample_variables: []
2023-05-17 19:30:08,687 INFO o.a.j.e.u.CompoundVariable: Note: Function class names must contain the string: '.functions.'
2023-05-17 19:30:08,687 INFO o.a.j.e.u.CompoundVariable: Note: Function class names must not contain the string: '.gui.'
2023-05-17 19:30:08,705 INFO o.a.j.g.u.JMeterMenuBar: setRunning(true, *local*)
2023-05-17 19:30:08,737 INFO o.a.j.e.StandardJMeterEngine: Starting ThreadGroup: 1 : Grupo de Hilos
2023-05-17 19:30:08,737 INFO o.a.j.e.StandardJMeterEngine: Starting 1 threads for group Grupo de Hilos.
2023-05-17 19:30:08,737 INFO o.a.j.e.StandardJMeterEngine: Thread will continue on error
2023-05-17 19:30:08,737 INFO o.a.j.t.ThreadGroup: Starting thread group... number=1 threads=1 ramp-up=1 delayedStart=false
2023-05-17 19:30:08,738 INFO o.a.j.t.ThreadGroup: Started thread group number 1
2023-05-17 19:30:08,739 INFO o.a.j.e.StandardJMeterEngine: All thread groups have been started
2023-05-17 19:30:08,739 INFO o.a.j.t.JMeterThread: Thread started: Grupo de Hilos 1-1
2023-05-17 19:30:09,052 INFO o.a.j.p.h.s.HTTPHCAbstractImpl: Local host = Miguels-MacBook-Pro.local
2023-05-17 19:30:09,057 INFO o.a.j.p.h.s.HTTPHC4Impl: HTTP request retry count = 0
2023-05-17 19:53:08,629 INFO o.a.j.g.a.Start: Stopping test
2023-05-17 19:53:08,664 INFO o.a.j.t.JMeterThread: Stopping: Grupo de Hilos 1-1
2023-05-17 19:53:08,665 WARN o.a.j.t.JMeterThread: The delay timer was interrupted - probably did not wait as long as intended.
2023-05-17 19:53:08,665 INFO o.a.j.t.JMeterThread: Thread finished: Grupo de Hilos 1-1
2023-05-17 19:53:08,666 INFO o.a.j.e.StandardJMeterEngine: Notifying test listeners of end of test
2023-05-17 19:53:08,666 INFO o.a.j.g.u.JMeterMenuBar: setRunning(false, *local*)
2023-05-17 19:53:09,857 INFO o.a.j.e.StandardJMeterEngine: Running the test!
2023-05-17 19:53:09,858 INFO o.a.j.s.SampleEvent: List of sample_variables: []
2023-05-17 19:53:09,859 INFO o.a.j.g.u.JMeterMenuBar: setRunning(true, *local*)
2023-05-17 19:53:09,918 INFO o.a.j.e.StandardJMeterEngine: Starting ThreadGroup: 1 : Grupo de Hilos
2023-05-17 19:53:09,918 INFO o.a.j.e.StandardJMeterEngine: Starting 1 threads for group Grupo de Hilos.
2023-05-17 19:53:09,918 INFO o.a.j.e.StandardJMeterEngine: Thread will continue on error
2023-05-17 19:53:09,919 INFO o.a.j.t.ThreadGroup: Starting thread group... number=1 threads=1 ramp-up=1 delayedStart=false
2023-05-17 19:53:09,919 INFO o.a.j.t.ThreadGroup: Started thread group number 1
2023-05-17 19:53:09,919 INFO o.a.j.e.StandardJMeterEngine: All thread groups have been started
2023-05-17 19:53:09,919 INFO o.a.j.t.JMeterThread: Thread started: Grupo de Hilos 1-1
2023-05-17 19:54:04,767 INFO o.a.j.g.a.Start: Stopping test
2023-05-17 19:54:04,784 INFO o.a.j.t.JMeterThread: Stopping: Grupo de Hilos 1-1
2023-05-17 19:54:04,784 WARN o.a.j.t.JMeterThread: The delay timer was interrupted - probably did not wait as long as intended.
2023-05-17 19:54:04,785 INFO o.a.j.t.JMeterThread: Thread finished: Grupo de Hilos 1-1
2023-05-17 19:54:04,785 INFO o.a.j.e.StandardJMeterEngine: Notifying test listeners of end of test
2023-05-17 19:54:04,785 INFO o.a.j.g.u.JMeterMenuBar: setRunning(false, *local*)
2023-05-17 19:54:05,846 INFO o.a.j.e.StandardJMeterEngine: Running the test!
2023-05-17 19:54:05,846 INFO o.a.j.s.SampleEvent: List of sample_variables: []
2023-05-17 19:54:05,847 INFO o.a.j.g.u.JMeterMenuBar: setRunning(true, *local*)
2023-05-17 19:54:05,880 INFO o.a.j.e.StandardJMeterEngine: Starting ThreadGroup: 1 : Grupo de Hilos
2023-05-17 19:54:05,880 INFO o.a.j.e.StandardJMeterEngine: Starting 1 threads for group Grupo de Hilos.
2023-05-17 19:54:05,881 INFO o.a.j.e.StandardJMeterEngine: Thread will continue on error
2023-05-17 19:54:05,881 INFO o.a.j.t.ThreadGroup: Starting thread group... number=1 threads=1 ramp-up=1 delayedStart=false
2023-05-17 19:54:05,881 INFO o.a.j.t.ThreadGroup: Started thread group number 1
2023-05-17 19:54:05,881 INFO o.a.j.e.StandardJMeterEngine: All thread groups have been started
2023-05-17 19:54:05,881 INFO o.a.j.t.JMeterThread: Thread started: Grupo de Hilos 1-1
2023-05-17 19:54:07,575 INFO o.a.j.g.a.Start: Stopping test
2023-05-17 19:54:07,590 INFO o.a.j.t.JMeterThread: Stopping: Grupo de Hilos 1-1
2023-05-17 19:54:07,591 WARN o.a.j.t.JMeterThread: The delay timer was interrupted - probably did not wait as long as intended.
2023-05-17 19:54:07,591 INFO o.a.j.t.JMeterThread: Thread finished: Grupo de Hilos 1-1
2023-05-17 19:54:07,591 INFO o.a.j.e.StandardJMeterEngine: Notifying test listeners of end of test
2023-05-17 19:54:07,592 INFO o.a.j.g.u.JMeterMenuBar: setRunning(false, *local*)
2023-05-17 19:54:12,219 INFO o.a.j.e.StandardJMeterEngine: Running the test!
2023-05-17 19:54:12,220 INFO o.a.j.s.SampleEvent: List of sample_variables: []
2023-05-17 19:54:12,220 INFO o.a.j.g.u.JMeterMenuBar: setRunning(true, *local*)
2023-05-17 19:54:12,251 INFO o.a.j.e.StandardJMeterEngine: Starting ThreadGroup: 1 : Grupo de Hilos
2023-05-17 19:54:12,251 INFO o.a.j.e.StandardJMeterEngine: Starting 1 threads for group Grupo de Hilos.
2023-05-17 19:54:12,251 INFO o.a.j.e.StandardJMeterEngine: Thread will continue on error
2023-05-17 19:54:12,251 INFO o.a.j.t.ThreadGroup: Starting thread group... number=1 threads=1 ramp-up=1 delayedStart=false
2023-05-17 19:54:12,252 INFO o.a.j.t.ThreadGroup: Started thread group number 1
2023-05-17 19:54:12,252 INFO o.a.j.e.StandardJMeterEngine: All thread groups have been started
2023-05-17 19:54:12,252 INFO o.a.j.t.JMeterThread: Thread started: Grupo de Hilos 1-1
2023-05-17 19:55:44,145 INFO o.a.j.g.a.Start: Stopping test
2023-05-17 19:55:44,212 INFO o.a.j.t.JMeterThread: Stopping: Grupo de Hilos 1-1
2023-05-17 19:55:44,213 WARN o.a.j.t.JMeterThread: The delay timer was interrupted - probably did not wait as long as intended.
2023-05-17 19:55:44,213 INFO o.a.j.t.JMeterThread: Thread finished: Grupo de Hilos 1-1
2023-05-17 19:55:44,213 INFO o.a.j.e.StandardJMeterEngine: Notifying test listeners of end of test
2023-05-17 19:55:44,213 INFO o.a.j.g.u.JMeterMenuBar: setRunning(false, *local*)
2023-05-17 19:56:04,809 INFO o.a.j.e.StandardJMeterEngine: Running the test!
2023-05-17 19:56:04,809 INFO o.a.j.s.SampleEvent: List of sample_variables: []
2023-05-17 19:56:04,809 INFO o.a.j.g.u.JMeterMenuBar: setRunning(true, *local*)
2023-05-17 19:56:04,836 INFO o.a.j.e.StandardJMeterEngine: Starting ThreadGroup: 1 : Grupo de Hilos
2023-05-17 19:56:04,836 INFO o.a.j.e.StandardJMeterEngine: Starting 1 threads for group Grupo de Hilos.
2023-05-17 19:56:04,836 INFO o.a.j.e.StandardJMeterEngine: Thread will continue on error
2023-05-17 19:56:04,836 INFO o.a.j.t.ThreadGroup: Starting thread group... number=1 threads=1 ramp-up=1 delayedStart=false
2023-05-17 19:56:04,836 INFO o.a.j.t.ThreadGroup: Started thread group number 1
2023-05-17 19:56:04,836 INFO o.a.j.e.StandardJMeterEngine: All thread groups have been started
2023-05-17 19:56:04,836 INFO o.a.j.t.JMeterThread: Thread started: Grupo de Hilos 1-1
2023-05-17 20:06:06,583 INFO o.a.j.g.a.Start: Stopping test
2023-05-17 20:06:06,630 INFO o.a.j.t.JMeterThread: Stopping: Grupo de Hilos 1-1
2023-05-17 20:06:06,630 WARN o.a.j.t.JMeterThread: The delay timer was interrupted - probably did not wait as long as intended.
2023-05-17 20:06:06,631 INFO o.a.j.t.JMeterThread: Thread finished: Grupo de Hilos 1-1
2023-05-17 20:06:06,631 INFO o.a.j.e.StandardJMeterEngine: Notifying test listeners of end of test
2023-05-17 20:06:06,631 INFO o.a.j.g.u.JMeterMenuBar: setRunning(false, *local*)
2023-05-17 20:06:08,257 INFO o.a.j.e.StandardJMeterEngine: Running the test!
2023-05-17 20:06:08,258 INFO o.a.j.s.SampleEvent: List of sample_variables: []
2023-05-17 20:06:08,259 INFO o.a.j.g.u.JMeterMenuBar: setRunning(true, *local*)
2023-05-17 20:06:08,306 INFO o.a.j.e.StandardJMeterEngine: Starting ThreadGroup: 1 : Grupo de Hilos
2023-05-17 20:06:08,306 INFO o.a.j.e.StandardJMeterEngine: Starting 1 threads for group Grupo de Hilos.
2023-05-17 20:06:08,306 INFO o.a.j.e.StandardJMeterEngine: Thread will continue on error
2023-05-17 20:06:08,306 INFO o.a.j.t.ThreadGroup: Starting thread group... number=1 threads=1 ramp-up=1 delayedStart=false
2023-05-17 20:06:08,307 INFO o.a.j.t.ThreadGroup: Started thread group number 1
2023-05-17 20:06:08,307 INFO o.a.j.e.StandardJMeterEngine: All thread groups have been started
2023-05-17 20:06:08,307 INFO o.a.j.t.JMeterThread: Thread started: Grupo de Hilos 1-1
2023-05-17 20:11:54,110 INFO o.a.j.g.a.Start: Shutting test down
2023-05-17 20:11:54,122 INFO o.a.j.t.JMeterThread: Stopping: Grupo de Hilos 1-1
2023-05-17 20:11:54,312 INFO o.a.j.t.JMeterThread: Thread finished: Grupo de Hilos 1-1
2023-05-17 20:11:54,313 INFO o.a.j.e.StandardJMeterEngine: Notifying test listeners of end of test
2023-05-17 20:11:54,313 INFO o.a.j.g.u.JMeterMenuBar: setRunning(false, *local*)
2023-05-17 20:12:14,043 INFO o.a.j.e.StandardJMeterEngine: Running the test!
2023-05-17 20:12:14,044 INFO o.a.j.s.SampleEvent: List of sample_variables: []
2023-05-17 20:12:14,044 INFO o.a.j.g.u.JMeterMenuBar: setRunning(true, *local*)
2023-05-17 20:12:14,072 INFO o.a.j.e.StandardJMeterEngine: Starting ThreadGroup: 1 : Grupo de Hilos
2023-05-17 20:12:14,072 INFO o.a.j.e.StandardJMeterEngine: Starting 1 threads for group Grupo de Hilos.
2023-05-17 20:12:14,072 INFO o.a.j.e.StandardJMeterEngine: Thread will continue on error
2023-05-17 20:12:14,072 INFO o.a.j.t.ThreadGroup: Starting thread group... number=1 threads=1 ramp-up=1 delayedStart=false
2023-05-17 20:12:14,072 INFO o.a.j.t.ThreadGroup: Started thread group number 1
2023-05-17 20:12:14,073 INFO o.a.j.e.StandardJMeterEngine: All thread groups have been started
2023-05-17 20:12:14,073 INFO o.a.j.t.JMeterThread: Thread started: Grupo de Hilos 1-1
2023-05-17 20:12:30,697 INFO o.a.j.g.a.Start: Stopping test
2023-05-17 20:12:30,714 INFO o.a.j.t.JMeterThread: Stopping: Grupo de Hilos 1-1
2023-05-17 20:12:30,714 WARN o.a.j.t.JMeterThread: The delay timer was interrupted - probably did not wait as long as intended.
2023-05-17 20:12:30,714 INFO o.a.j.t.JMeterThread: Thread finished: Grupo de Hilos 1-1
2023-05-17 20:12:30,715 INFO o.a.j.e.StandardJMeterEngine: Notifying test listeners of end of test
2023-05-17 20:12:30,715 INFO o.a.j.g.u.JMeterMenuBar: setRunning(false, *local*)
2023-05-17 20:12:32,436 INFO o.a.j.e.StandardJMeterEngine: Running the test!
2023-05-17 20:12:32,437 INFO o.a.j.s.SampleEvent: List of sample_variables: []
2023-05-17 20:12:32,437 INFO o.a.j.g.u.JMeterMenuBar: setRunning(true, *local*)
2023-05-17 20:12:32,461 INFO o.a.j.e.StandardJMeterEngine: Starting ThreadGroup: 1 : Grupo de Hilos
2023-05-17 20:12:32,461 INFO o.a.j.e.StandardJMeterEngine: Starting 1 threads for group Grupo de Hilos.
2023-05-17 20:12:32,462 INFO o.a.j.e.StandardJMeterEngine: Thread will continue on error
2023-05-17 20:12:32,462 INFO o.a.j.t.ThreadGroup: Starting thread group... number=1 threads=1 ramp-up=1 delayedStart=false
2023-05-17 20:12:32,462 INFO o.a.j.t.ThreadGroup: Started thread group number 1
2023-05-17 20:12:32,462 INFO o.a.j.e.StandardJMeterEngine: All thread groups have been started
2023-05-17 20:12:32,462 INFO o.a.j.t.JMeterThread: Thread started: Grupo de Hilos 1-1
2023-05-17 20:16:38,126 INFO o.a.j.g.a.Start: Stopping test
2023-05-17 20:16:38,159 INFO o.a.j.t.JMeterThread: Stopping: Grupo de Hilos 1-1
2023-05-17 20:16:38,159 WARN o.a.j.t.JMeterThread: The delay timer was interrupted - probably did not wait as long as intended.
2023-05-17 20:16:38,159 INFO o.a.j.t.JMeterThread: Thread finished: Grupo de Hilos 1-1
2023-05-17 20:16:38,160 INFO o.a.j.e.StandardJMeterEngine: Notifying test listeners of end of test
2023-05-17 20:16:38,160 INFO o.a.j.g.u.JMeterMenuBar: setRunning(false, *local*)
2023-05-17 20:16:40,023 INFO o.a.j.e.StandardJMeterEngine: Running the test!
2023-05-17 20:16:40,024 INFO o.a.j.s.SampleEvent: List of sample_variables: []
2023-05-17 20:16:40,024 INFO o.a.j.g.u.JMeterMenuBar: setRunning(true, *local*)
2023-05-17 20:16:40,047 INFO o.a.j.e.StandardJMeterEngine: Starting ThreadGroup: 1 : Grupo de Hilos
2023-05-17 20:16:40,047 INFO o.a.j.e.StandardJMeterEngine: Starting 1 threads for group Grupo de Hilos.
2023-05-17 20:16:40,047 INFO o.a.j.e.StandardJMeterEngine: Thread will continue on error
2023-05-17 20:16:40,047 INFO o.a.j.t.ThreadGroup: Starting thread group... number=1 threads=1 ramp-up=1 delayedStart=false
2023-05-17 20:16:40,047 INFO o.a.j.t.ThreadGroup: Started thread group number 1
2023-05-17 20:16:40,047 INFO o.a.j.e.StandardJMeterEngine: All thread groups have been started
2023-05-17 20:16:40,047 INFO o.a.j.t.JMeterThread: Thread started: Grupo de Hilos 1-1
2023-05-17 20:16:51,229 INFO o.a.j.g.a.Start: Shutting test down
2023-05-17 20:16:51,263 INFO o.a.j.t.JMeterThread: Stopping: Grupo de Hilos 1-1
2023-05-17 20:16:51,265 INFO o.a.j.t.JMeterThread: Thread finished: Grupo de Hilos 1-1
2023-05-17 20:16:51,265 INFO o.a.j.e.StandardJMeterEngine: Notifying test listeners of end of test
2023-05-17 20:16:51,265 INFO o.a.j.g.u.JMeterMenuBar: setRunning(false, *local*)
2023-05-17 20:16:55,110 INFO o.a.j.e.StandardJMeterEngine: Running the test!
2023-05-17 20:16:55,110 INFO o.a.j.s.SampleEvent: List of sample_variables: []
2023-05-17 20:16:55,111 INFO o.a.j.g.u.JMeterMenuBar: setRunning(true, *local*)
2023-05-17 20:16:55,134 INFO o.a.j.e.StandardJMeterEngine: Starting ThreadGroup: 1 : Grupo de Hilos
2023-05-17 20:16:55,134 INFO o.a.j.e.StandardJMeterEngine: Starting 1 threads for group Grupo de Hilos.
2023-05-17 20:16:55,134 INFO o.a.j.e.StandardJMeterEngine: Thread will continue on error
2023-05-17 20:16:55,134 INFO o.a.j.t.ThreadGroup: Starting thread group... number=1 threads=1 ramp-up=1 delayedStart=false
2023-05-17 20:16:55,134 INFO o.a.j.t.ThreadGroup: Started thread group number 1
2023-05-17 20:16:55,134 INFO o.a.j.e.StandardJMeterEngine: All thread groups have been started
2023-05-17 20:16:55,134 INFO o.a.j.t.JMeterThread: Thread started: Grupo de Hilos 1-1
2023-05-17 20:17:03,548 INFO o.a.j.g.a.Start: Stopping test
2023-05-17 20:17:03,571 INFO o.a.j.t.JMeterThread: Stopping: Grupo de Hilos 1-1
2023-05-17 20:17:03,572 WARN o.a.j.t.JMeterThread: The delay timer was interrupted - probably did not wait as long as intended.
2023-05-17 20:17:03,572 INFO o.a.j.t.JMeterThread: Thread finished: Grupo de Hilos 1-1
2023-05-17 20:17:03,573 INFO o.a.j.e.StandardJMeterEngine: Notifying test listeners of end of test
2023-05-17 20:17:03,573 INFO o.a.j.g.u.JMeterMenuBar: setRunning(false, *local*)
2023-05-17 20:17:11,843 INFO o.a.j.e.StandardJMeterEngine: Running the test!
2023-05-17 20:17:11,844 INFO o.a.j.s.SampleEvent: List of sample_variables: []
2023-05-17 20:17:11,844 INFO o.a.j.g.u.JMeterMenuBar: setRunning(true, *local*)
2023-05-17 20:17:11,862 INFO o.a.j.e.StandardJMeterEngine: Starting ThreadGroup: 1 : Grupo de Hilos
2023-05-17 20:17:11,862 INFO o.a.j.e.StandardJMeterEngine: Starting 1 threads for group Grupo de Hilos.
2023-05-17 20:17:11,862 INFO o.a.j.e.StandardJMeterEngine: Thread will continue on error
2023-05-17 20:17:11,862 INFO o.a.j.t.ThreadGroup: Starting thread group... number=1 threads=1 ramp-up=1 delayedStart=false
2023-05-17 20:17:11,862 INFO o.a.j.t.ThreadGroup: Started thread group number 1
2023-05-17 20:17:11,862 INFO o.a.j.e.StandardJMeterEngine: All thread groups have been started
2023-05-17 20:17:11,863 INFO o.a.j.t.JMeterThread: Thread started: Grupo de Hilos 1-1
2023-05-17 20:18:06,829 INFO o.a.j.g.a.Start: Shutting test down
2023-05-17 20:18:06,840 INFO o.a.j.t.JMeterThread: Stopping: Grupo de Hilos 1-1
2023-05-17 20:18:07,140 INFO o.a.j.t.JMeterThread: Thread finished: Grupo de Hilos 1-1
2023-05-17 20:18:07,140 INFO o.a.j.e.StandardJMeterEngine: Notifying test listeners of end of test
2023-05-17 20:18:07,141 INFO o.a.j.g.u.JMeterMenuBar: setRunning(false, *local*)
2023-05-17 20:18:09,683 INFO o.a.j.e.StandardJMeterEngine: Running the test!
2023-05-17 20:18:09,683 INFO o.a.j.s.SampleEvent: List of sample_variables: []
2023-05-17 20:18:09,683 INFO o.a.j.g.u.JMeterMenuBar: setRunning(true, *local*)
2023-05-17 20:18:09,709 INFO o.a.j.e.StandardJMeterEngine: Starting ThreadGroup: 1 : Grupo de Hilos
2023-05-17 20:18:09,709 INFO o.a.j.e.StandardJMeterEngine: Starting 1 threads for group Grupo de Hilos.
2023-05-17 20:18:09,709 INFO o.a.j.e.StandardJMeterEngine: Thread will continue on error
2023-05-17 20:18:09,709 INFO o.a.j.t.ThreadGroup: Starting thread group... number=1 threads=1 ramp-up=1 delayedStart=false
2023-05-17 20:18:09,710 INFO o.a.j.t.ThreadGroup: Started thread group number 1
2023-05-17 20:18:09,710 INFO o.a.j.e.StandardJMeterEngine: All thread groups have been started
2023-05-17 20:18:09,710 INFO o.a.j.t.JMeterThread: Thread started: Grupo de Hilos 1-1
2023-05-17 20:18:14,642 INFO o.a.j.g.a.Start: Shutting test down
2023-05-17 20:18:14,660 INFO o.a.j.t.JMeterThread: Stopping: Grupo de Hilos 1-1
2023-05-17 20:18:14,941 INFO o.a.j.t.JMeterThread: Thread finished: Grupo de Hilos 1-1
2023-05-17 20:18:14,942 INFO o.a.j.e.StandardJMeterEngine: Notifying test listeners of end of test
2023-05-17 20:18:14,943 INFO o.a.j.g.u.JMeterMenuBar: setRunning(false, *local*)
2023-05-17 20:18:19,417 INFO o.a.j.e.StandardJMeterEngine: Running the test!
2023-05-17 20:18:19,417 INFO o.a.j.s.SampleEvent: List of sample_variables: []
2023-05-17 20:18:19,417 INFO o.a.j.g.u.JMeterMenuBar: setRunning(true, *local*)
2023-05-17 20:18:19,442 INFO o.a.j.e.StandardJMeterEngine: Starting ThreadGroup: 1 : Grupo de Hilos
2023-05-17 20:18:19,442 INFO o.a.j.e.StandardJMeterEngine: Starting 1 threads for group Grupo de Hilos.
2023-05-17 20:18:19,442 INFO o.a.j.e.StandardJMeterEngine: Thread will continue on error
2023-05-17 20:18:19,443 INFO o.a.j.t.ThreadGroup: Starting thread group... number=1 threads=1 ramp-up=1 delayedStart=false
2023-05-17 20:18:19,443 INFO o.a.j.t.ThreadGroup: Started thread group number 1
2023-05-17 20:18:19,443 INFO o.a.j.e.StandardJMeterEngine: All thread groups have been started
2023-05-17 20:18:19,443 INFO o.a.j.t.JMeterThread: Thread started: Grupo de Hilos 1-1
2023-05-17 20:18:44,091 INFO o.a.j.g.a.Start: Stopping test
2023-05-17 20:18:44,101 INFO o.a.j.t.JMeterThread: Stopping: Grupo de Hilos 1-1
2023-05-17 20:18:44,101 WARN o.a.j.t.JMeterThread: The delay timer was interrupted - probably did not wait as long as intended.
2023-05-17 20:18:44,101 INFO o.a.j.t.JMeterThread: Thread finished: Grupo de Hilos 1-1
2023-05-17 20:18:44,101 INFO o.a.j.e.StandardJMeterEngine: Notifying test listeners of end of test
2023-05-17 20:18:44,102 INFO o.a.j.g.u.JMeterMenuBar: setRunning(false, *local*)
2023-05-17 20:18:49,282 INFO o.a.j.e.StandardJMeterEngine: Running the test!
2023-05-17 20:18:49,282 INFO o.a.j.s.SampleEvent: List of sample_variables: []
2023-05-17 20:18:49,283 INFO o.a.j.g.u.JMeterMenuBar: setRunning(true, *local*)
2023-05-17 20:18:49,301 INFO o.a.j.e.StandardJMeterEngine: Starting ThreadGroup: 1 : Grupo de Hilos
2023-05-17 20:18:49,302 INFO o.a.j.e.StandardJMeterEngine: Starting 1 threads for group Grupo de Hilos.
2023-05-17 20:18:49,302 INFO o.a.j.e.StandardJMeterEngine: Thread will continue on error
2023-05-17 20:18:49,302 INFO o.a.j.t.ThreadGroup: Starting thread group... number=1 threads=1 ramp-up=1 delayedStart=false
2023-05-17 20:18:49,302 INFO o.a.j.t.ThreadGroup: Started thread group number 1
2023-05-17 20:18:49,302 INFO o.a.j.e.StandardJMeterEngine: All thread groups have been started
2023-05-17 20:18:49,302 INFO o.a.j.t.JMeterThread: Thread started: Grupo de Hilos 1-1
2023-05-17 20:19:20,682 INFO o.a.j.g.a.Start: Stopping test
2023-05-17 20:19:20,714 INFO o.a.j.t.JMeterThread: Stopping: Grupo de Hilos 1-1
2023-05-17 20:19:20,715 WARN o.a.j.t.JMeterThread: The delay timer was interrupted - probably did not wait as long as intended.
2023-05-17 20:19:20,715 INFO o.a.j.t.JMeterThread: Thread finished: Grupo de Hilos 1-1
2023-05-17 20:19:20,715 INFO o.a.j.e.StandardJMeterEngine: Notifying test listeners of end of test
2023-05-17 20:19:20,715 INFO o.a.j.g.u.JMeterMenuBar: setRunning(false, *local*)
2023-05-17 20:19:31,865 INFO o.a.j.e.StandardJMeterEngine: Running the test!
2023-05-17 20:19:31,865 INFO o.a.j.s.SampleEvent: List of sample_variables: []
2023-05-17 20:19:31,865 INFO o.a.j.g.u.JMeterMenuBar: setRunning(true, *local*)
2023-05-17 20:19:31,893 INFO o.a.j.e.StandardJMeterEngine: Starting ThreadGroup: 1 : Grupo de Hilos
2023-05-17 20:19:31,893 INFO o.a.j.e.StandardJMeterEngine: Starting 1 threads for group Grupo de Hilos.
2023-05-17 20:19:31,893 INFO o.a.j.e.StandardJMeterEngine: Thread will continue on error
2023-05-17 20:19:31,893 INFO o.a.j.t.ThreadGroup: Starting thread group... number=1 threads=1 ramp-up=1 delayedStart=false
2023-05-17 20:19:31,893 INFO o.a.j.t.ThreadGroup: Started thread group number 1
2023-05-17 20:19:31,894 INFO o.a.j.e.StandardJMeterEngine: All thread groups have been started
2023-05-17 20:19:31,894 INFO o.a.j.t.JMeterThread: Thread started: Grupo de Hilos 1-1
2023-05-17 20:20:41,774 INFO o.a.j.g.a.Start: Stopping test
2023-05-17 20:20:41,784 INFO o.a.j.t.JMeterThread: Stopping: Grupo de Hilos 1-1
2023-05-17 20:20:41,785 WARN o.a.j.t.JMeterThread: The delay timer was interrupted - probably did not wait as long as intended.
2023-05-17 20:20:41,785 INFO o.a.j.t.JMeterThread: Thread finished: Grupo de Hilos 1-1
2023-05-17 20:20:41,785 INFO o.a.j.e.StandardJMeterEngine: Notifying test listeners of end of test
2023-05-17 20:20:41,785 INFO o.a.j.g.u.JMeterMenuBar: setRunning(false, *local*)
2023-05-17 20:20:43,368 INFO o.a.j.e.StandardJMeterEngine: Running the test!
2023-05-17 20:20:43,369 INFO o.a.j.s.SampleEvent: List of sample_variables: []
2023-05-17 20:20:43,369 INFO o.a.j.g.u.JMeterMenuBar: setRunning(true, *local*)
2023-05-17 20:20:43,393 INFO o.a.j.e.StandardJMeterEngine: Starting ThreadGroup: 1 : Grupo de Hilos
2023-05-17 20:20:43,393 INFO o.a.j.e.StandardJMeterEngine: Starting 1 threads for group Grupo de Hilos.
2023-05-17 20:20:43,393 INFO o.a.j.e.StandardJMeterEngine: Thread will continue on error
2023-05-17 20:20:43,393 INFO o.a.j.t.ThreadGroup: Starting thread group... number=1 threads=1 ramp-up=1 delayedStart=false
2023-05-17 20:20:43,393 INFO o.a.j.t.ThreadGroup: Started thread group number 1
2023-05-17 20:20:43,393 INFO o.a.j.e.StandardJMeterEngine: All thread groups have been started
2023-05-17 20:20:43,393 INFO o.a.j.t.JMeterThread: Thread started: Grupo de Hilos 1-1
2023-05-17 20:22:41,715 INFO o.a.j.g.a.Start: Shutting test down
2023-05-17 20:22:41,767 INFO o.a.j.t.JMeterThread: Stopping: Grupo de Hilos 1-1
2023-05-17 20:22:41,955 INFO o.a.j.t.JMeterThread: Thread finished: Grupo de Hilos 1-1
2023-05-17 20:22:41,956 INFO o.a.j.e.StandardJMeterEngine: Notifying test listeners of end of test
2023-05-17 20:22:41,956 INFO o.a.j.g.u.JMeterMenuBar: setRunning(false, *local*)
2023-05-17 20:22:52,233 INFO o.a.j.e.StandardJMeterEngine: Running the test!
2023-05-17 20:22:52,233 INFO o.a.j.s.SampleEvent: List of sample_variables: []
2023-05-17 20:22:52,234 INFO o.a.j.g.u.JMeterMenuBar: setRunning(true, *local*)
2023-05-17 20:22:52,260 INFO o.a.j.e.StandardJMeterEngine: Starting ThreadGroup: 1 : Grupo de Hilos
2023-05-17 20:22:52,260 INFO o.a.j.e.StandardJMeterEngine: Starting 1 threads for group Grupo de Hilos.
2023-05-17 20:22:52,260 INFO o.a.j.e.StandardJMeterEngine: Thread will continue on error
2023-05-17 20:22:52,260 INFO o.a.j.t.ThreadGroup: Starting thread group... number=1 threads=1 ramp-up=1 delayedStart=false
2023-05-17 20:22:52,261 INFO o.a.j.t.ThreadGroup: Started thread group number 1
2023-05-17 20:22:52,261 INFO o.a.j.e.StandardJMeterEngine: All thread groups have been started
2023-05-17 20:22:52,261 INFO o.a.j.t.JMeterThread: Thread started: Grupo de Hilos 1-1
2023-05-17 20:23:45,533 INFO o.a.j.g.a.Start: Stopping test
2023-05-17 20:23:45,556 INFO o.a.j.t.JMeterThread: Stopping: Grupo de Hilos 1-1
2023-05-17 20:23:45,557 WARN o.a.j.t.JMeterThread: The delay timer was interrupted - probably did not wait as long as intended.
2023-05-17 20:23:45,557 INFO o.a.j.t.JMeterThread: Thread finished: Grupo de Hilos 1-1
2023-05-17 20:23:45,557 INFO o.a.j.e.StandardJMeterEngine: Notifying test listeners of end of test
2023-05-17 20:23:45,558 INFO o.a.j.g.u.JMeterMenuBar: setRunning(false, *local*)
2023-05-17 20:23:55,811 INFO o.a.j.e.StandardJMeterEngine: Running the test!
2023-05-17 20:23:55,812 INFO o.a.j.s.SampleEvent: List of sample_variables: []
2023-05-17 20:23:55,812 INFO o.a.j.g.u.JMeterMenuBar: setRunning(true, *local*)
2023-05-17 20:23:55,840 INFO o.a.j.e.StandardJMeterEngine: Starting ThreadGroup: 1 : Grupo de Hilos
2023-05-17 20:23:55,840 INFO o.a.j.e.StandardJMeterEngine: Starting 1 threads for group Grupo de Hilos.
2023-05-17 20:23:55,840 INFO o.a.j.e.StandardJMeterEngine: Thread will continue on error
2023-05-17 20:23:55,840 INFO o.a.j.t.ThreadGroup: Starting thread group... number=1 threads=1 ramp-up=1 delayedStart=false
2023-05-17 20:23:55,840 INFO o.a.j.t.ThreadGroup: Started thread group number 1
2023-05-17 20:23:55,841 INFO o.a.j.e.StandardJMeterEngine: All thread groups have been started
2023-05-17 20:23:55,841 INFO o.a.j.t.JMeterThread: Thread started: Grupo de Hilos 1-1
2023-05-17 20:23:58,430 INFO o.a.j.g.a.Start: Stopping test
2023-05-17 20:23:58,454 INFO o.a.j.t.JMeterThread: Stopping: Grupo de Hilos 1-1
2023-05-17 20:23:58,454 WARN o.a.j.t.JMeterThread: The delay timer was interrupted - probably did not wait as long as intended.
2023-05-17 20:23:58,454 INFO o.a.j.t.JMeterThread: Thread finished: Grupo de Hilos 1-1
2023-05-17 20:23:58,455 INFO o.a.j.e.StandardJMeterEngine: Notifying test listeners of end of test
2023-05-17 20:23:58,455 INFO o.a.j.g.u.JMeterMenuBar: setRunning(false, *local*)
2023-05-17 20:24:07,621 INFO o.a.j.e.StandardJMeterEngine: Running the test!
2023-05-17 20:24:07,622 INFO o.a.j.s.SampleEvent: List of sample_variables: []
2023-05-17 20:24:07,622 INFO o.a.j.g.u.JMeterMenuBar: setRunning(true, *local*)
2023-05-17 20:24:07,646 INFO o.a.j.e.StandardJMeterEngine: Starting ThreadGroup: 1 : Grupo de Hilos
2023-05-17 20:24:07,646 INFO o.a.j.e.StandardJMeterEngine: Starting 1 threads for group Grupo de Hilos.
2023-05-17 20:24:07,646 INFO o.a.j.e.StandardJMeterEngine: Thread will continue on error
2023-05-17 20:24:07,646 INFO o.a.j.t.ThreadGroup: Starting thread group... number=1 threads=1 ramp-up=1 delayedStart=false
2023-05-17 20:24:07,646 INFO o.a.j.t.ThreadGroup: Started thread group number 1
2023-05-17 20:24:07,646 INFO o.a.j.e.StandardJMeterEngine: All thread groups have been started
2023-05-17 20:24:07,646 INFO o.a.j.t.JMeterThread: Thread started: Grupo de Hilos 1-1
2023-05-17 20:26:20,428 INFO o.a.j.g.a.Start: Shutting test down
2023-05-17 20:26:20,452 INFO o.a.j.t.JMeterThread: Stopping: Grupo de Hilos 1-1
2023-05-17 20:26:20,615 INFO o.a.j.t.JMeterThread: Thread finished: Grupo de Hilos 1-1
2023-05-17 20:26:20,616 INFO o.a.j.e.StandardJMeterEngine: Notifying test listeners of end of test
2023-05-17 20:26:20,616 INFO o.a.j.g.u.JMeterMenuBar: setRunning(false, *local*)
2023-05-17 20:26:26,748 INFO o.a.j.e.StandardJMeterEngine: Running the test!
2023-05-17 20:26:26,749 INFO o.a.j.s.SampleEvent: List of sample_variables: []
2023-05-17 20:26:26,749 INFO o.a.j.g.u.JMeterMenuBar: setRunning(true, *local*)
2023-05-17 20:26:26,774 INFO o.a.j.e.StandardJMeterEngine: Starting ThreadGroup: 1 : Grupo de Hilos
2023-05-17 20:26:26,774 INFO o.a.j.e.StandardJMeterEngine: Starting 1 threads for group Grupo de Hilos.
2023-05-17 20:26:26,774 INFO o.a.j.e.StandardJMeterEngine: Thread will continue on error
2023-05-17 20:26:26,774 INFO o.a.j.t.ThreadGroup: Starting thread group... number=1 threads=1 ramp-up=1 delayedStart=false
2023-05-17 20:26:26,774 INFO o.a.j.t.ThreadGroup: Started thread group number 1
2023-05-17 20:26:26,774 INFO o.a.j.e.StandardJMeterEngine: All thread groups have been started
2023-05-17 20:26:26,774 INFO o.a.j.t.JMeterThread: Thread started: Grupo de Hilos 1-1
2023-05-17 20:26:43,927 INFO o.a.j.g.a.Start: Stopping test
2023-05-17 20:26:43,941 INFO o.a.j.t.JMeterThread: Stopping: Grupo de Hilos 1-1
2023-05-17 20:26:43,942 WARN o.a.j.t.JMeterThread: The delay timer was interrupted - probably did not wait as long as intended.
2023-05-17 20:26:43,942 INFO o.a.j.t.JMeterThread: Thread finished: Grupo de Hilos 1-1
2023-05-17 20:26:43,942 INFO o.a.j.e.StandardJMeterEngine: Notifying test listeners of end of test
2023-05-17 20:26:43,942 INFO o.a.j.g.u.JMeterMenuBar: setRunning(false, *local*)
2023-05-17 20:26:52,432 INFO o.a.j.e.StandardJMeterEngine: Running the test!
2023-05-17 20:26:52,433 INFO o.a.j.s.SampleEvent: List of sample_variables: []
2023-05-17 20:26:52,433 INFO o.a.j.g.u.JMeterMenuBar: setRunning(true, *local*)
2023-05-17 20:26:52,455 INFO o.a.j.e.StandardJMeterEngine: Starting ThreadGroup: 1 : Grupo de Hilos
2023-05-17 20:26:52,455 INFO o.a.j.e.StandardJMeterEngine: Starting 1 threads for group Grupo de Hilos.
2023-05-17 20:26:52,455 INFO o.a.j.e.StandardJMeterEngine: Thread will continue on error
2023-05-17 20:26:52,455 INFO o.a.j.t.ThreadGroup: Starting thread group... number=1 threads=1 ramp-up=1 delayedStart=false
2023-05-17 20:26:52,455 INFO o.a.j.t.ThreadGroup: Started thread group number 1
2023-05-17 20:26:52,455 INFO o.a.j.e.StandardJMeterEngine: All thread groups have been started
2023-05-17 20:26:52,455 INFO o.a.j.t.JMeterThread: Thread started: Grupo de Hilos 1-1
2023-05-17 20:27:22,795 INFO o.a.j.g.a.Start: Shutting test down
2023-05-17 20:27:22,815 INFO o.a.j.t.JMeterThread: Stopping: Grupo de Hilos 1-1
2023-05-17 20:27:22,983 INFO o.a.j.t.JMeterThread: Thread finished: Grupo de Hilos 1-1
2023-05-17 20:27:22,983 INFO o.a.j.e.StandardJMeterEngine: Notifying test listeners of end of test
2023-05-17 20:27:22,983 INFO o.a.j.g.u.JMeterMenuBar: setRunning(false, *local*)
2023-05-17 20:27:46,415 INFO o.a.j.e.StandardJMeterEngine: Running the test!
2023-05-17 20:27:46,415 INFO o.a.j.s.SampleEvent: List of sample_variables: []
2023-05-17 20:27:46,416 INFO o.a.j.g.u.JMeterMenuBar: setRunning(true, *local*)
2023-05-17 20:27:46,436 INFO o.a.j.e.StandardJMeterEngine: Starting ThreadGroup: 1 : Grupo de Hilos
2023-05-17 20:27:46,436 INFO o.a.j.e.StandardJMeterEngine: Starting 1 threads for group Grupo de Hilos.
2023-05-17 20:27:46,436 INFO o.a.j.e.StandardJMeterEngine: Thread will continue on error
2023-05-17 20:27:46,436 INFO o.a.j.t.ThreadGroup: Starting thread group... number=1 threads=1 ramp-up=1 delayedStart=false
2023-05-17 20:27:46,437 INFO o.a.j.t.ThreadGroup: Started thread group number 1
2023-05-17 20:27:46,437 INFO o.a.j.e.StandardJMeterEngine: All thread groups have been started
2023-05-17 20:27:46,437 INFO o.a.j.t.JMeterThread: Thread started: Grupo de Hilos 1-1
2023-05-17 20:29:36,382 INFO o.a.j.g.a.Start: Stopping test
2023-05-17 20:29:36,405 INFO o.a.j.t.JMeterThread: Stopping: Grupo de Hilos 1-1
2023-05-17 20:29:36,406 WARN o.a.j.t.JMeterThread: The delay timer was interrupted - probably did not wait as long as intended.
2023-05-17 20:29:36,406 INFO o.a.j.t.JMeterThread: Thread finished: Grupo de Hilos 1-1
2023-05-17 20:29:36,406 INFO o.a.j.e.StandardJMeterEngine: Notifying test listeners of end of test
2023-05-17 20:29:36,407 INFO o.a.j.g.u.JMeterMenuBar: setRunning(false, *local*)
2023-05-17 20:29:38,604 INFO o.a.j.e.StandardJMeterEngine: Running the test!
2023-05-17 20:29:38,604 INFO o.a.j.s.SampleEvent: List of sample_variables: []
2023-05-17 20:29:38,605 INFO o.a.j.g.u.JMeterMenuBar: setRunning(true, *local*)
2023-05-17 20:29:38,633 INFO o.a.j.e.StandardJMeterEngine: Starting ThreadGroup: 1 : Grupo de Hilos
2023-05-17 20:29:38,633 INFO o.a.j.e.StandardJMeterEngine: Starting 1 threads for group Grupo de Hilos.
2023-05-17 20:29:38,633 INFO o.a.j.e.StandardJMeterEngine: Thread will continue on error
2023-05-17 20:29:38,633 INFO o.a.j.t.ThreadGroup: Starting thread group... number=1 threads=1 ramp-up=1 delayedStart=false
2023-05-17 20:29:38,634 INFO o.a.j.t.ThreadGroup: Started thread group number 1
2023-05-17 20:29:38,634 INFO o.a.j.e.StandardJMeterEngine: All thread groups have been started
2023-05-17 20:29:38,634 INFO o.a.j.t.JMeterThread: Thread started: Grupo de Hilos 1-1
2023-05-17 20:32:52,677 INFO o.a.j.g.a.Start: Shutting test down
2023-05-17 20:32:52,693 INFO o.a.j.t.JMeterThread: Stopping: Grupo de Hilos 1-1
2023-05-17 20:32:52,762 INFO o.a.j.t.JMeterThread: Thread finished: Grupo de Hilos 1-1
2023-05-17 20:32:52,762 INFO o.a.j.e.StandardJMeterEngine: Notifying test listeners of end of test
2023-05-17 20:32:52,763 INFO o.a.j.g.u.JMeterMenuBar: setRunning(false, *local*)
2023-05-17 20:32:57,971 INFO o.a.j.e.StandardJMeterEngine: Running the test!
2023-05-17 20:32:57,972 INFO o.a.j.s.SampleEvent: List of sample_variables: []
2023-05-17 20:32:57,973 INFO o.a.j.g.u.JMeterMenuBar: setRunning(true, *local*)
2023-05-17 20:32:58,009 INFO o.a.j.e.StandardJMeterEngine: Starting ThreadGroup: 1 : Grupo de Hilos
2023-05-17 20:32:58,009 INFO o.a.j.e.StandardJMeterEngine: Starting 1 threads for group Grupo de Hilos.
2023-05-17 20:32:58,009 INFO o.a.j.e.StandardJMeterEngine: Thread will continue on error
2023-05-17 20:32:58,009 INFO o.a.j.t.ThreadGroup: Starting thread group... number=1 threads=1 ramp-up=1 delayedStart=false
2023-05-17 20:32:58,009 INFO o.a.j.t.ThreadGroup: Started thread group number 1
2023-05-17 20:32:58,010 INFO o.a.j.e.StandardJMeterEngine: All thread groups have been started
2023-05-17 20:32:58,010 INFO o.a.j.t.JMeterThread: Thread started: Grupo de Hilos 1-1
2023-05-17 20:34:19,277 INFO o.a.j.g.a.Start: Shutting test down
2023-05-17 20:34:19,298 INFO o.a.j.t.JMeterThread: Stopping: Grupo de Hilos 1-1
2023-05-17 20:34:19,462 INFO o.a.j.t.JMeterThread: Thread finished: Grupo de Hilos 1-1
2023-05-17 20:34:19,462 INFO o.a.j.e.StandardJMeterEngine: Notifying test listeners of end of test
2023-05-17 20:34:19,463 INFO o.a.j.g.u.JMeterMenuBar: setRunning(false, *local*)
2023-05-17 20:34:28,646 INFO o.a.j.e.StandardJMeterEngine: Running the test!
2023-05-17 20:34:28,646 INFO o.a.j.s.SampleEvent: List of sample_variables: []
2023-05-17 20:34:28,647 INFO o.a.j.g.u.JMeterMenuBar: setRunning(true, *local*)
2023-05-17 20:34:28,675 INFO o.a.j.e.StandardJMeterEngine: Starting ThreadGroup: 1 : Grupo de Hilos
2023-05-17 20:34:28,675 INFO o.a.j.e.StandardJMeterEngine: Starting 1 threads for group Grupo de Hilos.
2023-05-17 20:34:28,675 INFO o.a.j.e.StandardJMeterEngine: Thread will continue on error
2023-05-17 20:34:28,675 INFO o.a.j.t.ThreadGroup: Starting thread group... number=1 threads=1 ramp-up=1 delayedStart=false
2023-05-17 20:34:28,675 INFO o.a.j.t.ThreadGroup: Started thread group number 1
2023-05-17 20:34:28,675 INFO o.a.j.e.StandardJMeterEngine: All thread groups have been started
2023-05-17 20:34:28,675 INFO o.a.j.t.JMeterThread: Thread started: Grupo de Hilos 1-1
2023-05-17 20:59:42,961 INFO o.a.j.g.a.Start: Shutting test down
2023-05-17 20:59:42,985 INFO o.a.j.t.JMeterThread: Stopping: Grupo de Hilos 1-1
2023-05-17 20:59:43,209 INFO o.a.j.t.JMeterThread: Thread finished: Grupo de Hilos 1-1
2023-05-17 20:59:43,210 INFO o.a.j.e.StandardJMeterEngine: Notifying test listeners of end of test
2023-05-17 20:59:43,210 INFO o.a.j.g.u.JMeterMenuBar: setRunning(false, *local*)
2023-05-17 20:59:54,220 INFO o.a.j.e.StandardJMeterEngine: Running the test!
2023-05-17 20:59:54,221 INFO o.a.j.s.SampleEvent: List of sample_variables: []
2023-05-17 20:59:54,221 INFO o.a.j.g.u.JMeterMenuBar: setRunning(true, *local*)
2023-05-17 20:59:54,252 INFO o.a.j.e.StandardJMeterEngine: Starting ThreadGroup: 1 : Grupo de Hilos
2023-05-17 20:59:54,252 INFO o.a.j.e.StandardJMeterEngine: Starting 1 threads for group Grupo de Hilos.
2023-05-17 20:59:54,252 INFO o.a.j.e.StandardJMeterEngine: Thread will continue on error
2023-05-17 20:59:54,252 INFO o.a.j.t.ThreadGroup: Starting thread group... number=1 threads=1 ramp-up=1 delayedStart=false
2023-05-17 20:59:54,252 INFO o.a.j.t.ThreadGroup: Started thread group number 1
2023-05-17 20:59:54,252 INFO o.a.j.e.StandardJMeterEngine: All thread groups have been started
2023-05-17 20:59:54,253 INFO o.a.j.t.JMeterThread: Thread started: Grupo de Hilos 1-1
2023-05-17 21:01:00,076 INFO o.a.j.g.a.Start: Stopping test
2023-05-17 21:01:00,092 INFO o.a.j.t.JMeterThread: Stopping: Grupo de Hilos 1-1
2023-05-17 21:01:00,093 WARN o.a.j.t.JMeterThread: The delay timer was interrupted - probably did not wait as long as intended.
2023-05-17 21:01:00,093 INFO o.a.j.t.JMeterThread: Thread finished: Grupo de Hilos 1-1
2023-05-17 21:01:00,093 INFO o.a.j.e.StandardJMeterEngine: Notifying test listeners of end of test
2023-05-17 21:01:00,093 INFO o.a.j.g.u.JMeterMenuBar: setRunning(false, *local*)
